Compilation failed:
    source file: '/home/bruce/work/demo/src/python/tool/opencv-3.3.0/cmake/checks/cxx11.cpp'
    check option: ''
===== BUILD LOG =====
Change Dir: /home/bruce/work/demo/src/python/tool/opencv-3.3.0/release/CMakeFiles/CMakeTmp

Run Build Command:"/usr/bin/make" "cmTryCompileExec2029389865/fast"
/usr/bin/make -f CMakeFiles/cmTryCompileExec2029389865.dir/build.make CMakeFiles/cmTryCompileExec2029389865.dir/build
make[1]: Entering directory `/home/bruce/work/demo/src/python/tool/opencv-3.3.0/release/CMakeFiles/CMakeTmp'
/usr/bin/cmake -E cmake_progress_report /home/bruce/work/demo/src/python/tool/opencv-3.3.0/release/CMakeFiles/CMakeTmp/CMakeFiles 1
Building CXX object CMakeFiles/cmTryCompileExec2029389865.dir/cxx11.cpp.o
/usr/bin/c++     -o CMakeFiles/cmTryCompileExec2029389865.dir/cxx11.cpp.o -c /home/bruce/work/demo/src/python/tool/opencv-3.3.0/cmake/checks/cxx11.cpp
/home/bruce/work/demo/src/python/tool/opencv-3.3.0/cmake/checks/cxx11.cpp:4:2: error: #error "C++11 is not supported"
 #error "C++11 is not supported"
  ^
/home/bruce/work/demo/src/python/tool/opencv-3.3.0/cmake/checks/cxx11.cpp: In function ‘int main()’:
/home/bruce/work/demo/src/python/tool/opencv-3.3.0/cmake/checks/cxx11.cpp:11:10: error: ‘res’ does not name a type
     auto res = test();
          ^
/home/bruce/work/demo/src/python/tool/opencv-3.3.0/cmake/checks/cxx11.cpp:12:12: error: ‘res’ was not declared in this scope
     return res;
            ^
make[1]: *** [CMakeFiles/cmTryCompileExec2029389865.dir/cxx11.cpp.o] Error 1
make[1]: Leaving directory `/home/bruce/work/demo/src/python/tool/opencv-3.3.0/release/CMakeFiles/CMakeTmp'
make: *** [cmTryCompileExec2029389865/fast] Error 2

===== END =====

Build output check failed:
    Regex: 'command line option .* is valid for .* but not for C\+\+'
    Output line: 'cc1plus: warning: command line option ‘-Wmissing-prototypes’ is valid for C/ObjC but not for C++ [enabled by default]'
Compilation failed:
    source file: '/home/bruce/work/demo/src/python/tool/opencv-3.3.0/release/CMakeFiles/CMakeTmp/src.cxx'
    check option: ' -fsigned-char -W -Wall -Werror=return-type -Werror=non-virtual-dtor -Werror=address -Werror=sequence-point -Wformat -Werror=format-security -Wmissing-declarations  -Wmissing-prototypes'
===== BUILD LOG =====
Change Dir: /home/bruce/work/demo/src/python/tool/opencv-3.3.0/release/CMakeFiles/CMakeTmp

Run Build Command:"/usr/bin/make" "cmTryCompileExec1522305613/fast"
/usr/bin/make -f CMakeFiles/cmTryCompileExec1522305613.dir/build.make CMakeFiles/cmTryCompileExec1522305613.dir/build
make[1]: Entering directory `/home/bruce/work/demo/src/python/tool/opencv-3.3.0/release/CMakeFiles/CMakeTmp'
/usr/bin/cmake -E cmake_progress_report /home/bruce/work/demo/src/python/tool/opencv-3.3.0/release/CMakeFiles/CMakeTmp/CMakeFiles 1
Building CXX object CMakeFiles/cmTryCompileExec1522305613.dir/src.cxx.o
/usr/bin/c++    -O3 -DNDEBUG   -fsigned-char -W -Wall -Werror=return-type -Werror=non-virtual-dtor -Werror=address -Werror=sequence-point -Wformat -Werror=format-security -Wmissing-declarations -Wmissing-prototypes -o CMakeFiles/cmTryCompileExec1522305613.dir/src.cxx.o -c /home/bruce/work/demo/src/python/tool/opencv-3.3.0/release/CMakeFiles/CMakeTmp/src.cxx
cc1plus: warning: command line option ‘-Wmissing-prototypes’ is valid for C/ObjC but not for C++ [enabled by default]
/home/bruce/work/demo/src/python/tool/opencv-3.3.0/release/CMakeFiles/CMakeTmp/src.cxx:1:0: warning: ignoring #pragma   [-Wunknown-pragmas]
 #pragma
 ^
Linking CXX executable cmTryCompileExec1522305613
/usr/bin/cmake -E cmake_link_script CMakeFiles/cmTryCompileExec1522305613.dir/link.txt --verbose=1
/usr/bin/c++     -O3 -DNDEBUG    CMakeFiles/cmTryCompileExec1522305613.dir/src.cxx.o  -o cmTryCompileExec1522305613 -rdynamic 
make[1]: Leaving directory `/home/bruce/work/demo/src/python/tool/opencv-3.3.0/release/CMakeFiles/CMakeTmp'

===== END =====

Build output check failed:
    Regex: 'command line option .* is valid for .* but not for C\+\+'
    Output line: 'cc1plus: warning: command line option ‘-Wstrict-prototypes’ is valid for C/ObjC but not for C++ [enabled by default]'
Compilation failed:
    source file: '/home/bruce/work/demo/src/python/tool/opencv-3.3.0/release/CMakeFiles/CMakeTmp/src.cxx'
    check option: ' -fsigned-char -W -Wall -Werror=return-type -Werror=non-virtual-dtor -Werror=address -Werror=sequence-point -Wformat -Werror=format-security -Wmissing-declarations  -Wstrict-prototypes'
===== BUILD LOG =====
Change Dir: /home/bruce/work/demo/src/python/tool/opencv-3.3.0/release/CMakeFiles/CMakeTmp

Run Build Command:"/usr/bin/make" "cmTryCompileExec2887113656/fast"
/usr/bin/make -f CMakeFiles/cmTryCompileExec2887113656.dir/build.make CMakeFiles/cmTryCompileExec2887113656.dir/build
make[1]: Entering directory `/home/bruce/work/demo/src/python/tool/opencv-3.3.0/release/CMakeFiles/CMakeTmp'
/usr/bin/cmake -E cmake_progress_report /home/bruce/work/demo/src/python/tool/opencv-3.3.0/release/CMakeFiles/CMakeTmp/CMakeFiles 1
Building CXX object CMakeFiles/cmTryCompileExec2887113656.dir/src.cxx.o
/usr/bin/c++    -O3 -DNDEBUG   -fsigned-char -W -Wall -Werror=return-type -Werror=non-virtual-dtor -Werror=address -Werror=sequence-point -Wformat -Werror=format-security -Wmissing-declarations -Wstrict-prototypes -o CMakeFiles/cmTryCompileExec2887113656.dir/src.cxx.o -c /home/bruce/work/demo/src/python/tool/opencv-3.3.0/release/CMakeFiles/CMakeTmp/src.cxx
cc1plus: warning: command line option ‘-Wstrict-prototypes’ is valid for C/ObjC but not for C++ [enabled by default]
/home/bruce/work/demo/src/python/tool/opencv-3.3.0/release/CMakeFiles/CMakeTmp/src.cxx:1:0: warning: ignoring #pragma   [-Wunknown-pragmas]
 #pragma
 ^
Linking CXX executable cmTryCompileExec2887113656
/usr/bin/cmake -E cmake_link_script CMakeFiles/cmTryCompileExec2887113656.dir/link.txt --verbose=1
/usr/bin/c++     -O3 -DNDEBUG    CMakeFiles/cmTryCompileExec2887113656.dir/src.cxx.o  -o cmTryCompileExec2887113656 -rdynamic 
make[1]: Leaving directory `/home/bruce/work/demo/src/python/tool/opencv-3.3.0/release/CMakeFiles/CMakeTmp'

===== END =====

Build output check failed:
    Regex: 'command line option .* is valid for .* but not for C'
    Output line: 'cc1: warning: command line option ‘-Wsign-promo’ is valid for C++/ObjC++ but not for C [enabled by default]'
Compilation failed:
    source file: '/home/bruce/work/demo/src/python/tool/opencv-3.3.0/release/CMakeFiles/CMakeTmp/src.c'
    check option: ' -fsigned-char -W -Wall -Werror=return-type -Werror=non-virtual-dtor -Werror=address -Werror=sequence-point -Wformat -Werror=format-security -Wmissing-declarations -Wmissing-prototypes -Wstrict-prototypes -Wundef -Winit-self -Wpointer-arith -Wshadow  -Wsign-promo'
===== BUILD LOG =====
Change Dir: /home/bruce/work/demo/src/python/tool/opencv-3.3.0/release/CMakeFiles/CMakeTmp

Run Build Command:"/usr/bin/make" "cmTryCompileExec4078684635/fast"
/usr/bin/make -f CMakeFiles/cmTryCompileExec4078684635.dir/build.make CMakeFiles/cmTryCompileExec4078684635.dir/build
make[1]: Entering directory `/home/bruce/work/demo/src/python/tool/opencv-3.3.0/release/CMakeFiles/CMakeTmp'
/usr/bin/cmake -E cmake_progress_report /home/bruce/work/demo/src/python/tool/opencv-3.3.0/release/CMakeFiles/CMakeTmp/CMakeFiles 1
Building C object CMakeFiles/cmTryCompileExec4078684635.dir/src.c.o
/usr/bin/cc   -O3 -DNDEBUG   -fsigned-char -W -Wall -Werror=return-type -Werror=non-virtual-dtor -Werror=address -Werror=sequence-point -Wformat -Werror=format-security -Wmissing-declarations -Wmissing-prototypes -Wstrict-prototypes -Wundef -Winit-self -Wpointer-arith -Wshadow -Wsign-promo -o CMakeFiles/cmTryCompileExec4078684635.dir/src.c.o   -c /home/bruce/work/demo/src/python/tool/opencv-3.3.0/release/CMakeFiles/CMakeTmp/src.c
cc1: warning: command line option ‘-Wsign-promo’ is valid for C++/ObjC++ but not for C [enabled by default]
/home/bruce/work/demo/src/python/tool/opencv-3.3.0/release/CMakeFiles/CMakeTmp/src.c:1:0: warning: ignoring #pragma   [-Wunknown-pragmas]
 #pragma
 ^
Linking C executable cmTryCompileExec4078684635
/usr/bin/cmake -E cmake_link_script CMakeFiles/cmTryCompileExec4078684635.dir/link.txt --verbose=1
/usr/bin/cc    -O3 -DNDEBUG    CMakeFiles/cmTryCompileExec4078684635.dir/src.c.o  -o cmTryCompileExec4078684635 -rdynamic 
make[1]: Leaving directory `/home/bruce/work/demo/src/python/tool/opencv-3.3.0/release/CMakeFiles/CMakeTmp'

===== END =====

Build output check failed:
    Regex: 'command line option .* is valid for .* but not for C'
    Output line: 'cc1: warning: command line option ‘-Wno-delete-non-virtual-dtor’ is valid for C++/ObjC++ but not for C [enabled by default]'
Compilation failed:
    source file: '/home/bruce/work/demo/src/python/tool/opencv-3.3.0/release/CMakeFiles/CMakeTmp/src.c'
    check option: ' -fsigned-char -W -Wall -Werror=return-type -Werror=non-virtual-dtor -Werror=address -Werror=sequence-point -Wformat -Werror=format-security -Wmissing-declarations -Wmissing-prototypes -Wstrict-prototypes -Wundef -Winit-self -Wpointer-arith -Wshadow -Wuninitialized -Winit-self -Wno-narrowing  -Wno-delete-non-virtual-dtor'
===== BUILD LOG =====
Change Dir: /home/bruce/work/demo/src/python/tool/opencv-3.3.0/release/CMakeFiles/CMakeTmp

Run Build Command:"/usr/bin/make" "cmTryCompileExec743919111/fast"
/usr/bin/make -f CMakeFiles/cmTryCompileExec743919111.dir/build.make CMakeFiles/cmTryCompileExec743919111.dir/build
make[1]: Entering directory `/home/bruce/work/demo/src/python/tool/opencv-3.3.0/release/CMakeFiles/CMakeTmp'
/usr/bin/cmake -E cmake_progress_report /home/bruce/work/demo/src/python/tool/opencv-3.3.0/release/CMakeFiles/CMakeTmp/CMakeFiles 1
Building C object CMakeFiles/cmTryCompileExec743919111.dir/src.c.o
/usr/bin/cc   -O3 -DNDEBUG   -fsigned-char -W -Wall -Werror=return-type -Werror=non-virtual-dtor -Werror=address -Werror=sequence-point -Wformat -Werror=format-security -Wmissing-declarations -Wmissing-prototypes -Wstrict-prototypes -Wundef -Winit-self -Wpointer-arith -Wshadow -Wuninitialized -Winit-self -Wno-narrowing -Wno-delete-non-virtual-dtor -o CMakeFiles/cmTryCompileExec743919111.dir/src.c.o   -c /home/bruce/work/demo/src/python/tool/opencv-3.3.0/release/CMakeFiles/CMakeTmp/src.c
cc1: warning: command line option ‘-Wno-delete-non-virtual-dtor’ is valid for C++/ObjC++ but not for C [enabled by default]
/home/bruce/work/demo/src/python/tool/opencv-3.3.0/release/CMakeFiles/CMakeTmp/src.c:1:0: warning: ignoring #pragma   [-Wunknown-pragmas]
 #pragma
 ^
Linking C executable cmTryCompileExec743919111
/usr/bin/cmake -E cmake_link_script CMakeFiles/cmTryCompileExec743919111.dir/link.txt --verbose=1
/usr/bin/cc    -O3 -DNDEBUG    CMakeFiles/cmTryCompileExec743919111.dir/src.c.o  -o cmTryCompileExec743919111 -rdynamic 
make[1]: Leaving directory `/home/bruce/work/demo/src/python/tool/opencv-3.3.0/release/CMakeFiles/CMakeTmp'

===== END =====

Build output check failed:
    Regex: 'unrecognized .*option'
    Output line: 'cc1plus: warning: unrecognized command line option "-Wno-unnamed-type-template-args" [enabled by default]'
Compilation failed:
    source file: '/home/bruce/work/demo/src/python/tool/opencv-3.3.0/release/CMakeFiles/CMakeTmp/src.cxx'
    check option: ' -fsigned-char -W -Wall -Werror=return-type -Werror=non-virtual-dtor -Werror=address -Werror=sequence-point -Wformat -Werror=format-security -Wmissing-declarations -Wundef -Winit-self -Wpointer-arith -Wshadow -Wsign-promo -Wuninitialized -Winit-self -Wno-narrowing -Wno-delete-non-virtual-dtor  -Wno-unnamed-type-template-args'
===== BUILD LOG =====
Change Dir: /home/bruce/work/demo/src/python/tool/opencv-3.3.0/release/CMakeFiles/CMakeTmp

Run Build Command:"/usr/bin/make" "cmTryCompileExec2950291007/fast"
/usr/bin/make -f CMakeFiles/cmTryCompileExec2950291007.dir/build.make CMakeFiles/cmTryCompileExec2950291007.dir/build
make[1]: Entering directory `/home/bruce/work/demo/src/python/tool/opencv-3.3.0/release/CMakeFiles/CMakeTmp'
/usr/bin/cmake -E cmake_progress_report /home/bruce/work/demo/src/python/tool/opencv-3.3.0/release/CMakeFiles/CMakeTmp/CMakeFiles 1
Building CXX object CMakeFiles/cmTryCompileExec2950291007.dir/src.cxx.o
/usr/bin/c++    -O3 -DNDEBUG   -fsigned-char -W -Wall -Werror=return-type -Werror=non-virtual-dtor -Werror=address -Werror=sequence-point -Wformat -Werror=format-security -Wmissing-declarations -Wundef -Winit-self -Wpointer-arith -Wshadow -Wsign-promo -Wuninitialized -Winit-self -Wno-narrowing -Wno-delete-non-virtual-dtor -Wno-unnamed-type-template-args -o CMakeFiles/cmTryCompileExec2950291007.dir/src.cxx.o -c /home/bruce/work/demo/src/python/tool/opencv-3.3.0/release/CMakeFiles/CMakeTmp/src.cxx
/home/bruce/work/demo/src/python/tool/opencv-3.3.0/release/CMakeFiles/CMakeTmp/src.cxx:1:0: warning: ignoring #pragma   [-Wunknown-pragmas]
 #pragma
 ^
cc1plus: warning: unrecognized command line option "-Wno-unnamed-type-template-args" [enabled by default]
Linking CXX executable cmTryCompileExec2950291007
/usr/bin/cmake -E cmake_link_script CMakeFiles/cmTryCompileExec2950291007.dir/link.txt --verbose=1
/usr/bin/c++     -O3 -DNDEBUG    CMakeFiles/cmTryCompileExec2950291007.dir/src.cxx.o  -o cmTryCompileExec2950291007 -rdynamic 
make[1]: Leaving directory `/home/bruce/work/demo/src/python/tool/opencv-3.3.0/release/CMakeFiles/CMakeTmp'

===== END =====

Build output check failed:
    Regex: 'unrecognized .*option'
    Output line: 'cc1: warning: unrecognized command line option "-Wno-unnamed-type-template-args" [enabled by default]'
Compilation failed:
    source file: '/home/bruce/work/demo/src/python/tool/opencv-3.3.0/release/CMakeFiles/CMakeTmp/src.c'
    check option: ' -fsigned-char -W -Wall -Werror=return-type -Werror=non-virtual-dtor -Werror=address -Werror=sequence-point -Wformat -Werror=format-security -Wmissing-declarations -Wmissing-prototypes -Wstrict-prototypes -Wundef -Winit-self -Wpointer-arith -Wshadow -Wuninitialized -Winit-self -Wno-narrowing  -Wno-unnamed-type-template-args'
===== BUILD LOG =====
Change Dir: /home/bruce/work/demo/src/python/tool/opencv-3.3.0/release/CMakeFiles/CMakeTmp

Run Build Command:"/usr/bin/make" "cmTryCompileExec21001944/fast"
/usr/bin/make -f CMakeFiles/cmTryCompileExec21001944.dir/build.make CMakeFiles/cmTryCompileExec21001944.dir/build
make[1]: Entering directory `/home/bruce/work/demo/src/python/tool/opencv-3.3.0/release/CMakeFiles/CMakeTmp'
/usr/bin/cmake -E cmake_progress_report /home/bruce/work/demo/src/python/tool/opencv-3.3.0/release/CMakeFiles/CMakeTmp/CMakeFiles 1
Building C object CMakeFiles/cmTryCompileExec21001944.dir/src.c.o
/usr/bin/cc   -O3 -DNDEBUG   -fsigned-char -W -Wall -Werror=return-type -Werror=non-virtual-dtor -Werror=address -Werror=sequence-point -Wformat -Werror=format-security -Wmissing-declarations -Wmissing-prototypes -Wstrict-prototypes -Wundef -Winit-self -Wpointer-arith -Wshadow -Wuninitialized -Winit-self -Wno-narrowing -Wno-unnamed-type-template-args -o CMakeFiles/cmTryCompileExec21001944.dir/src.c.o   -c /home/bruce/work/demo/src/python/tool/opencv-3.3.0/release/CMakeFiles/CMakeTmp/src.c
/home/bruce/work/demo/src/python/tool/opencv-3.3.0/release/CMakeFiles/CMakeTmp/src.c:1:0: warning: ignoring #pragma   [-Wunknown-pragmas]
 #pragma
 ^
cc1: warning: unrecognized command line option "-Wno-unnamed-type-template-args" [enabled by default]
Linking C executable cmTryCompileExec21001944
/usr/bin/cmake -E cmake_link_script CMakeFiles/cmTryCompileExec21001944.dir/link.txt --verbose=1
/usr/bin/cc    -O3 -DNDEBUG    CMakeFiles/cmTryCompileExec21001944.dir/src.c.o  -o cmTryCompileExec21001944 -rdynamic 
make[1]: Leaving directory `/home/bruce/work/demo/src/python/tool/opencv-3.3.0/release/CMakeFiles/CMakeTmp'

===== END =====

Build output check failed:
    Regex: 'command line option .* is valid for .* but not for C'
    Output line: 'cc1: warning: command line option ‘-fvisibility-inlines-hidden’ is valid for C++/ObjC++ but not for C [enabled by default]'
Compilation failed:
    source file: '/home/bruce/work/demo/src/python/tool/opencv-3.3.0/release/CMakeFiles/CMakeTmp/src.c'
    check option: ' -fsigned-char -W -Wall -Werror=return-type -Werror=non-virtual-dtor -Werror=address -Werror=sequence-point -Wformat -Werror=format-security -Wmissing-declarations -Wmissing-prototypes -Wstrict-prototypes -Wundef -Winit-self -Wpointer-arith -Wshadow -Wuninitialized -Winit-self -Wno-narrowing -Wno-comment -fdiagnostics-show-option -Wno-long-long -pthread -fomit-frame-pointer -ffunction-sections  -msse -msse2 -msse3 -fvisibility=hidden  -fvisibility-inlines-hidden'
===== BUILD LOG =====
Change Dir: /home/bruce/work/demo/src/python/tool/opencv-3.3.0/release/CMakeFiles/CMakeTmp

Run Build Command:"/usr/bin/make" "cmTryCompileExec3194722847/fast"
/usr/bin/make -f CMakeFiles/cmTryCompileExec3194722847.dir/build.make CMakeFiles/cmTryCompileExec3194722847.dir/build
make[1]: Entering directory `/home/bruce/work/demo/src/python/tool/opencv-3.3.0/release/CMakeFiles/CMakeTmp'
/usr/bin/cmake -E cmake_progress_report /home/bruce/work/demo/src/python/tool/opencv-3.3.0/release/CMakeFiles/CMakeTmp/CMakeFiles 1
Building C object CMakeFiles/cmTryCompileExec3194722847.dir/src.c.o
/usr/bin/cc   -O3 -DNDEBUG   -fsigned-char -W -Wall -Werror=return-type -Werror=non-virtual-dtor -Werror=address -Werror=sequence-point -Wformat -Werror=format-security -Wmissing-declarations -Wmissing-prototypes -Wstrict-prototypes -Wundef -Winit-self -Wpointer-arith -Wshadow -Wuninitialized -Winit-self -Wno-narrowing -Wno-comment -fdiagnostics-show-option -Wno-long-long -pthread -fomit-frame-pointer -ffunction-sections -msse -msse2 -msse3 -fvisibility=hidden -fvisibility-inlines-hidden -o CMakeFiles/cmTryCompileExec3194722847.dir/src.c.o   -c /home/bruce/work/demo/src/python/tool/opencv-3.3.0/release/CMakeFiles/CMakeTmp/src.c
cc1: warning: command line option ‘-fvisibility-inlines-hidden’ is valid for C++/ObjC++ but not for C [enabled by default]
/home/bruce/work/demo/src/python/tool/opencv-3.3.0/release/CMakeFiles/CMakeTmp/src.c:1:0: warning: ignoring #pragma   [-Wunknown-pragmas]
 #pragma
 ^
Linking C executable cmTryCompileExec3194722847
/usr/bin/cmake -E cmake_link_script CMakeFiles/cmTryCompileExec3194722847.dir/link.txt --verbose=1
/usr/bin/cc    -O3 -DNDEBUG    CMakeFiles/cmTryCompileExec3194722847.dir/src.c.o  -o cmTryCompileExec3194722847 -rdynamic 
make[1]: Leaving directory `/home/bruce/work/demo/src/python/tool/opencv-3.3.0/release/CMakeFiles/CMakeTmp'

===== END =====

Determining if the system is big endian passed with the following output:
Change Dir: /home/bruce/work/demo/src/python/tool/opencv-3.3.0/release/CMakeFiles/CMakeTmp

Run Build Command:"/usr/bin/make" "cmTryCompileExec988301967/fast"
/usr/bin/make -f CMakeFiles/cmTryCompileExec988301967.dir/build.make CMakeFiles/cmTryCompileExec988301967.dir/build
make[1]: Entering directory `/home/bruce/work/demo/src/python/tool/opencv-3.3.0/release/CMakeFiles/CMakeTmp'
/usr/bin/cmake -E cmake_progress_report /home/bruce/work/demo/src/python/tool/opencv-3.3.0/release/CMakeFiles/CMakeTmp/CMakeFiles 1
Building C object CMakeFiles/cmTryCompileExec988301967.dir/TestEndianess.c.o
/usr/bin/cc   -fsigned-char -W -Wall -Werror=return-type -Werror=non-virtual-dtor -Werror=address -Werror=sequence-point -Wformat -Werror=format-security -Wmissing-declarations -Wmissing-prototypes -Wstrict-prototypes -Wundef -Winit-self -Wpointer-arith -Wshadow -Wuninitialized -Winit-self -Wno-narrowing -Wno-comment -fdiagnostics-show-option -Wno-long-long -pthread -fomit-frame-pointer -ffunction-sections  -msse -msse2 -msse3 -fvisibility=hidden  -O3 -DNDEBUG   -o CMakeFiles/cmTryCompileExec988301967.dir/TestEndianess.c.o   -c /home/bruce/work/demo/src/python/tool/opencv-3.3.0/release/CMakeFiles/CMakeTmp/TestEndianess.c
Linking C executable cmTryCompileExec988301967
/usr/bin/cmake -E cmake_link_script CMakeFiles/cmTryCompileExec988301967.dir/link.txt --verbose=1
/usr/bin/cc     -fsigned-char -W -Wall -Werror=return-type -Werror=non-virtual-dtor -Werror=address -Werror=sequence-point -Wformat -Werror=format-security -Wmissing-declarations -Wmissing-prototypes -Wstrict-prototypes -Wundef -Winit-self -Wpointer-arith -Wshadow -Wuninitialized -Winit-self -Wno-narrowing -Wno-comment -fdiagnostics-show-option -Wno-long-long -pthread -fomit-frame-pointer -ffunction-sections  -msse -msse2 -msse3 -fvisibility=hidden  -O3 -DNDEBUG     CMakeFiles/cmTryCompileExec988301967.dir/TestEndianess.c.o  -o cmTryCompileExec988301967 -rdynamic 
make[1]: Leaving directory `/home/bruce/work/demo/src/python/tool/opencv-3.3.0/release/CMakeFiles/CMakeTmp'

TestEndianess.c:
/* A 16 bit integer is required. */
typedef unsigned short cmakeint16;

/* On a little endian machine, these 16bit ints will give "THIS IS LITTLE ENDIAN."
   On a big endian machine the characters will be exchanged pairwise. */
const cmakeint16 info_little[] =  {0x4854, 0x5349, 0x4920, 0x2053, 0x494c, 0x5454, 0x454c, 0x4520, 0x444e, 0x4149, 0x2e4e, 0x0000};

/* on a big endian machine, these 16bit ints will give "THIS IS BIG ENDIAN."
   On a little endian machine the characters will be exchanged pairwise. */
const cmakeint16 info_big[] =     {0x5448, 0x4953, 0x2049, 0x5320, 0x4249, 0x4720, 0x454e, 0x4449, 0x414e, 0x2e2e, 0x0000};

#ifdef __CLASSIC_C__
int main(argc, argv) int argc; char *argv[];
#else
int main(int argc, char *argv[])
#endif
{
  int require = 0;
  require += info_little[argc];
  require += info_big[argc];
  (void)argv;
  return require;
}


Determining if the include file linux/videodev.h exists failed with the following output:
Change Dir: /home/bruce/work/demo/src/python/tool/opencv-3.3.0/release/CMakeFiles/CMakeTmp

Run Build Command:"/usr/bin/make" "cmTryCompileExec1732100481/fast"
/usr/bin/make -f CMakeFiles/cmTryCompileExec1732100481.dir/build.make CMakeFiles/cmTryCompileExec1732100481.dir/build
make[1]: Entering directory `/home/bruce/work/demo/src/python/tool/opencv-3.3.0/release/CMakeFiles/CMakeTmp'
/usr/bin/cmake -E cmake_progress_report /home/bruce/work/demo/src/python/tool/opencv-3.3.0/release/CMakeFiles/CMakeTmp/CMakeFiles 1
Building C object CMakeFiles/cmTryCompileExec1732100481.dir/CheckIncludeFile.c.o
/usr/bin/cc   -fsigned-char -W -Wall -Werror=return-type -Werror=non-virtual-dtor -Werror=address -Werror=sequence-point -Wformat -Werror=format-security -Wmissing-declarations -Wmissing-prototypes -Wstrict-prototypes -Wundef -Winit-self -Wpointer-arith -Wshadow -Wuninitialized -Winit-self -Wno-narrowing -Wno-comment -fdiagnostics-show-option -Wno-long-long -pthread -fomit-frame-pointer -ffunction-sections  -msse -msse2 -msse3 -fvisibility=hidden  -O3 -DNDEBUG   -o CMakeFiles/cmTryCompileExec1732100481.dir/CheckIncludeFile.c.o   -c /home/bruce/work/demo/src/python/tool/opencv-3.3.0/release/CMakeFiles/CMakeTmp/CheckIncludeFile.c
/home/bruce/work/demo/src/python/tool/opencv-3.3.0/release/CMakeFiles/CMakeTmp/CheckIncludeFile.c:1:28: fatal error: linux/videodev.h: No such file or directory
 #include <linux/videodev.h>
                            ^
compilation terminated.
make[1]: Leaving directory `/home/bruce/work/demo/src/python/tool/opencv-3.3.0/release/CMakeFiles/CMakeTmp'
make[1]: *** [CMakeFiles/cmTryCompileExec1732100481.dir/CheckIncludeFile.c.o] Error 1
make: *** [cmTryCompileExec1732100481/fast] Error 2


Determining if the include file sys/videoio.h exists failed with the following output:
Change Dir: /home/bruce/work/demo/src/python/tool/opencv-3.3.0/release/CMakeFiles/CMakeTmp

Run Build Command:"/usr/bin/make" "cmTryCompileExec930871985/fast"
/usr/bin/make -f CMakeFiles/cmTryCompileExec930871985.dir/build.make CMakeFiles/cmTryCompileExec930871985.dir/build
make[1]: Entering directory `/home/bruce/work/demo/src/python/tool/opencv-3.3.0/release/CMakeFiles/CMakeTmp'
/usr/bin/cmake -E cmake_progress_report /home/bruce/work/demo/src/python/tool/opencv-3.3.0/release/CMakeFiles/CMakeTmp/CMakeFiles 1
Building C object CMakeFiles/cmTryCompileExec930871985.dir/CheckIncludeFile.c.o
/usr/bin/cc   -fsigned-char -W -Wall -Werror=return-type -Werror=non-virtual-dtor -Werror=address -Werror=sequence-point -Wformat -Werror=format-security -Wmissing-declarations -Wmissing-prototypes -Wstrict-prototypes -Wundef -Winit-self -Wpointer-arith -Wshadow -Wuninitialized -Winit-self -Wno-narrowing -Wno-comment -fdiagnostics-show-option -Wno-long-long -pthread -fomit-frame-pointer -ffunction-sections  -msse -msse2 -msse3 -fvisibility=hidden  -O3 -DNDEBUG   -o CMakeFiles/cmTryCompileExec930871985.dir/CheckIncludeFile.c.o   -c /home/bruce/work/demo/src/python/tool/opencv-3.3.0/release/CMakeFiles/CMakeTmp/CheckIncludeFile.c
/home/bruce/work/demo/src/python/tool/opencv-3.3.0/release/CMakeFiles/CMakeTmp/CheckIncludeFile.c:1:25: fatal error: sys/videoio.h: No such file or directory
 #include <sys/videoio.h>
                         ^
compilation terminated.
make[1]: Leaving directory `/home/bruce/work/demo/src/python/tool/opencv-3.3.0/release/CMakeFiles/CMakeTmp'
make[1]: *** [CMakeFiles/cmTryCompileExec930871985.dir/CheckIncludeFile.c.o] Error 1
make: *** [cmTryCompileExec930871985/fast] Error 2


Build output check failed:
    Regex: 'command line option .* is valid for .* but not for C\+\+'
    Output line: 'cc1plus: warning: command line option ‘-Wno-missing-prototypes’ is valid for C/ObjC but not for C++ [enabled by default]'
Compilation failed:
    source file: '/home/bruce/work/demo/src/python/tool/opencv-3.3.0/release/CMakeFiles/CMakeTmp/src.cxx'
    check option: ' -Wno-missing-prototypes'
===== BUILD LOG =====
Change Dir: /home/bruce/work/demo/src/python/tool/opencv-3.3.0/release/CMakeFiles/CMakeTmp

Run Build Command:"/usr/bin/make" "cmTryCompileExec1165706978/fast"
/usr/bin/make -f CMakeFiles/cmTryCompileExec1165706978.dir/build.make CMakeFiles/cmTryCompileExec1165706978.dir/build
make[1]: Entering directory `/home/bruce/work/demo/src/python/tool/opencv-3.3.0/release/CMakeFiles/CMakeTmp'
/usr/bin/cmake -E cmake_progress_report /home/bruce/work/demo/src/python/tool/opencv-3.3.0/release/CMakeFiles/CMakeTmp/CMakeFiles 1
Building CXX object CMakeFiles/cmTryCompileExec1165706978.dir/src.cxx.o
/usr/bin/c++    -fsigned-char -W -Wall -Werror=return-type -Werror=non-virtual-dtor -Werror=address -Werror=sequence-point -Wformat -Werror=format-security -Wmissing-declarations -Wundef -Winit-self -Wpointer-arith -Wshadow -Wsign-promo -Wuninitialized -Winit-self -Wno-narrowing -Wno-delete-non-virtual-dtor -Wno-comment -fdiagnostics-show-option -Wno-long-long -pthread -fomit-frame-pointer -ffunction-sections  -msse -msse2 -msse3 -fvisibility=hidden -fvisibility-inlines-hidden -Wno-deprecated  -O3 -DNDEBUG   -Wno-missing-prototypes -o CMakeFiles/cmTryCompileExec1165706978.dir/src.cxx.o -c /home/bruce/work/demo/src/python/tool/opencv-3.3.0/release/CMakeFiles/CMakeTmp/src.cxx
cc1plus: warning: command line option ‘-Wno-missing-prototypes’ is valid for C/ObjC but not for C++ [enabled by default]
/home/bruce/work/demo/src/python/tool/opencv-3.3.0/release/CMakeFiles/CMakeTmp/src.cxx:1:0: warning: ignoring #pragma   [-Wunknown-pragmas]
 #pragma
 ^
Linking CXX executable cmTryCompileExec1165706978
/usr/bin/cmake -E cmake_link_script CMakeFiles/cmTryCompileExec1165706978.dir/link.txt --verbose=1
/usr/bin/c++      -fsigned-char -W -Wall -Werror=return-type -Werror=non-virtual-dtor -Werror=address -Werror=sequence-point -Wformat -Werror=format-security -Wmissing-declarations -Wundef -Winit-self -Wpointer-arith -Wshadow -Wsign-promo -Wuninitialized -Winit-self -Wno-narrowing -Wno-delete-non-virtual-dtor -Wno-comment -fdiagnostics-show-option -Wno-long-long -pthread -fomit-frame-pointer -ffunction-sections  -msse -msse2 -msse3 -fvisibility=hidden -fvisibility-inlines-hidden -Wno-deprecated  -O3 -DNDEBUG     CMakeFiles/cmTryCompileExec1165706978.dir/src.cxx.o  -o cmTryCompileExec1165706978 -rdynamic 
make[1]: Leaving directory `/home/bruce/work/demo/src/python/tool/opencv-3.3.0/release/CMakeFiles/CMakeTmp'

===== END =====

Build output check failed:
    Regex: 'unrecognized .*option'
    Output line: 'cc1plus: warning: unrecognized command line option "-Wno-tautological-undefined-compare" [enabled by default]'
Compilation failed:
    source file: '/home/bruce/work/demo/src/python/tool/opencv-3.3.0/release/CMakeFiles/CMakeTmp/src.cxx'
    check option: ' -Wno-tautological-undefined-compare'
===== BUILD LOG =====
Change Dir: /home/bruce/work/demo/src/python/tool/opencv-3.3.0/release/CMakeFiles/CMakeTmp

Run Build Command:"/usr/bin/make" "cmTryCompileExec1409390510/fast"
/usr/bin/make -f CMakeFiles/cmTryCompileExec1409390510.dir/build.make CMakeFiles/cmTryCompileExec1409390510.dir/build
make[1]: Entering directory `/home/bruce/work/demo/src/python/tool/opencv-3.3.0/release/CMakeFiles/CMakeTmp'
/usr/bin/cmake -E cmake_progress_report /home/bruce/work/demo/src/python/tool/opencv-3.3.0/release/CMakeFiles/CMakeTmp/CMakeFiles 1
Building CXX object CMakeFiles/cmTryCompileExec1409390510.dir/src.cxx.o
/usr/bin/c++    -fsigned-char -W -Wall -Werror=return-type -Werror=non-virtual-dtor -Werror=address -Werror=sequence-point -Wformat -Werror=format-security   -Winit-self -Wpointer-arith   -Wuninitialized -Winit-self -Wno-narrowing -Wno-delete-non-virtual-dtor -Wno-comment -fdiagnostics-show-option -Wno-long-long -pthread -fomit-frame-pointer -ffunction-sections  -msse -msse2 -msse3 -fvisibility=hidden -fvisibility-inlines-hidden -Wno-deprecated -Wno-missing-declarations -Wno-shadow -Wno-unused-parameter -Wno-unused-local-typedefs -Wno-sign-compare -Wno-sign-promo -Wno-undef  -O3 -DNDEBUG   -Wno-tautological-undefined-compare -o CMakeFiles/cmTryCompileExec1409390510.dir/src.cxx.o -c /home/bruce/work/demo/src/python/tool/opencv-3.3.0/release/CMakeFiles/CMakeTmp/src.cxx
/home/bruce/work/demo/src/python/tool/opencv-3.3.0/release/CMakeFiles/CMakeTmp/src.cxx:1:0: warning: ignoring #pragma   [-Wunknown-pragmas]
 #pragma
 ^
cc1plus: warning: unrecognized command line option "-Wno-tautological-undefined-compare" [enabled by default]
Linking CXX executable cmTryCompileExec1409390510
/usr/bin/cmake -E cmake_link_script CMakeFiles/cmTryCompileExec1409390510.dir/link.txt --verbose=1
/usr/bin/c++      -fsigned-char -W -Wall -Werror=return-type -Werror=non-virtual-dtor -Werror=address -Werror=sequence-point -Wformat -Werror=format-security   -Winit-self -Wpointer-arith   -Wuninitialized -Winit-self -Wno-narrowing -Wno-delete-non-virtual-dtor -Wno-comment -fdiagnostics-show-option -Wno-long-long -pthread -fomit-frame-pointer -ffunction-sections  -msse -msse2 -msse3 -fvisibility=hidden -fvisibility-inlines-hidden -Wno-deprecated -Wno-missing-declarations -Wno-shadow -Wno-unused-parameter -Wno-unused-local-typedefs -Wno-sign-compare -Wno-sign-promo -Wno-undef  -O3 -DNDEBUG     CMakeFiles/cmTryCompileExec1409390510.dir/src.cxx.o  -o cmTryCompileExec1409390510 -rdynamic 
make[1]: Leaving directory `/home/bruce/work/demo/src/python/tool/opencv-3.3.0/release/CMakeFiles/CMakeTmp'

===== END =====

Build output check failed:
    Regex: 'unrecognized .*option'
    Output line: 'cc1plus: warning: unrecognized command line option "-Wno-unused-const-variable" [enabled by default]'
Compilation failed:
    source file: '/home/bruce/work/demo/src/python/tool/opencv-3.3.0/release/CMakeFiles/CMakeTmp/src.cxx'
    check option: ' -Wno-unused-const-variable'
===== BUILD LOG =====
Change Dir: /home/bruce/work/demo/src/python/tool/opencv-3.3.0/release/CMakeFiles/CMakeTmp

Run Build Command:"/usr/bin/make" "cmTryCompileExec2114274224/fast"
/usr/bin/make -f CMakeFiles/cmTryCompileExec2114274224.dir/build.make CMakeFiles/cmTryCompileExec2114274224.dir/build
make[1]: Entering directory `/home/bruce/work/demo/src/python/tool/opencv-3.3.0/release/CMakeFiles/CMakeTmp'
/usr/bin/cmake -E cmake_progress_report /home/bruce/work/demo/src/python/tool/opencv-3.3.0/release/CMakeFiles/CMakeTmp/CMakeFiles 1
Building CXX object CMakeFiles/cmTryCompileExec2114274224.dir/src.cxx.o
/usr/bin/c++    -fsigned-char -W -Wall -Werror=return-type -Werror=non-virtual-dtor -Werror=address -Werror=sequence-point -Wformat -Werror=format-security   -Winit-self -Wpointer-arith   -Wuninitialized -Winit-self -Wno-narrowing -Wno-delete-non-virtual-dtor -Wno-comment -fdiagnostics-show-option -Wno-long-long -pthread -fomit-frame-pointer -ffunction-sections  -msse -msse2 -msse3 -fvisibility=hidden -fvisibility-inlines-hidden -Wno-deprecated -Wno-missing-declarations -Wno-shadow -Wno-unused-parameter -Wno-unused-local-typedefs -Wno-sign-compare -Wno-sign-promo -Wno-undef -Wno-ignored-qualifiers -Wno-extra -Wno-unused-function  -O3 -DNDEBUG   -Wno-unused-const-variable -o CMakeFiles/cmTryCompileExec2114274224.dir/src.cxx.o -c /home/bruce/work/demo/src/python/tool/opencv-3.3.0/release/CMakeFiles/CMakeTmp/src.cxx
/home/bruce/work/demo/src/python/tool/opencv-3.3.0/release/CMakeFiles/CMakeTmp/src.cxx:1:0: warning: ignoring #pragma   [-Wunknown-pragmas]
 #pragma
 ^
cc1plus: warning: unrecognized command line option "-Wno-unused-const-variable" [enabled by default]
Linking CXX executable cmTryCompileExec2114274224
/usr/bin/cmake -E cmake_link_script CMakeFiles/cmTryCompileExec2114274224.dir/link.txt --verbose=1
/usr/bin/c++      -fsigned-char -W -Wall -Werror=return-type -Werror=non-virtual-dtor -Werror=address -Werror=sequence-point -Wformat -Werror=format-security   -Winit-self -Wpointer-arith   -Wuninitialized -Winit-self -Wno-narrowing -Wno-delete-non-virtual-dtor -Wno-comment -fdiagnostics-show-option -Wno-long-long -pthread -fomit-frame-pointer -ffunction-sections  -msse -msse2 -msse3 -fvisibility=hidden -fvisibility-inlines-hidden -Wno-deprecated -Wno-missing-declarations -Wno-shadow -Wno-unused-parameter -Wno-unused-local-typedefs -Wno-sign-compare -Wno-sign-promo -Wno-undef -Wno-ignored-qualifiers -Wno-extra -Wno-unused-function  -O3 -DNDEBUG     CMakeFiles/cmTryCompileExec2114274224.dir/src.cxx.o  -o cmTryCompileExec2114274224 -rdynamic 
make[1]: Leaving directory `/home/bruce/work/demo/src/python/tool/opencv-3.3.0/release/CMakeFiles/CMakeTmp'

===== END =====

Build output check failed:
    Regex: 'unrecognized .*option'
    Output line: 'cc1plus: warning: unrecognized command line option "-Wno-shorten-64-to-32" [enabled by default]'
Compilation failed:
    source file: '/home/bruce/work/demo/src/python/tool/opencv-3.3.0/release/CMakeFiles/CMakeTmp/src.cxx'
    check option: ' -Wno-shorten-64-to-32'
===== BUILD LOG =====
Change Dir: /home/bruce/work/demo/src/python/tool/opencv-3.3.0/release/CMakeFiles/CMakeTmp

Run Build Command:"/usr/bin/make" "cmTryCompileExec3449647419/fast"
/usr/bin/make -f CMakeFiles/cmTryCompileExec3449647419.dir/build.make CMakeFiles/cmTryCompileExec3449647419.dir/build
make[1]: Entering directory `/home/bruce/work/demo/src/python/tool/opencv-3.3.0/release/CMakeFiles/CMakeTmp'
/usr/bin/cmake -E cmake_progress_report /home/bruce/work/demo/src/python/tool/opencv-3.3.0/release/CMakeFiles/CMakeTmp/CMakeFiles 1
Building CXX object CMakeFiles/cmTryCompileExec3449647419.dir/src.cxx.o
/usr/bin/c++    -fsigned-char -W -Wall -Werror=return-type -Werror=non-virtual-dtor -Werror=address -Werror=sequence-point -Wformat -Werror=format-security   -Winit-self -Wpointer-arith   -Wuninitialized -Winit-self -Wno-narrowing -Wno-delete-non-virtual-dtor -Wno-comment -fdiagnostics-show-option -Wno-long-long -pthread -fomit-frame-pointer -ffunction-sections  -msse -msse2 -msse3 -fvisibility=hidden -fvisibility-inlines-hidden -Wno-deprecated -Wno-missing-declarations -Wno-shadow -Wno-unused-parameter -Wno-unused-local-typedefs -Wno-sign-compare -Wno-sign-promo -Wno-undef -Wno-ignored-qualifiers -Wno-extra -Wno-unused-function  -O3 -DNDEBUG   -Wno-shorten-64-to-32 -o CMakeFiles/cmTryCompileExec3449647419.dir/src.cxx.o -c /home/bruce/work/demo/src/python/tool/opencv-3.3.0/release/CMakeFiles/CMakeTmp/src.cxx
/home/bruce/work/demo/src/python/tool/opencv-3.3.0/release/CMakeFiles/CMakeTmp/src.cxx:1:0: warning: ignoring #pragma   [-Wunknown-pragmas]
 #pragma
 ^
cc1plus: warning: unrecognized command line option "-Wno-shorten-64-to-32" [enabled by default]
Linking CXX executable cmTryCompileExec3449647419
/usr/bin/cmake -E cmake_link_script CMakeFiles/cmTryCompileExec3449647419.dir/link.txt --verbose=1
/usr/bin/c++      -fsigned-char -W -Wall -Werror=return-type -Werror=non-virtual-dtor -Werror=address -Werror=sequence-point -Wformat -Werror=format-security   -Winit-self -Wpointer-arith   -Wuninitialized -Winit-self -Wno-narrowing -Wno-delete-non-virtual-dtor -Wno-comment -fdiagnostics-show-option -Wno-long-long -pthread -fomit-frame-pointer -ffunction-sections  -msse -msse2 -msse3 -fvisibility=hidden -fvisibility-inlines-hidden -Wno-deprecated -Wno-missing-declarations -Wno-shadow -Wno-unused-parameter -Wno-unused-local-typedefs -Wno-sign-compare -Wno-sign-promo -Wno-undef -Wno-ignored-qualifiers -Wno-extra -Wno-unused-function  -O3 -DNDEBUG     CMakeFiles/cmTryCompileExec3449647419.dir/src.cxx.o  -o cmTryCompileExec3449647419 -rdynamic 
make[1]: Leaving directory `/home/bruce/work/demo/src/python/tool/opencv-3.3.0/release/CMakeFiles/CMakeTmp'

===== END =====

Build output check failed:
    Regex: 'unrecognized .*option'
    Output line: 'cc1plus: warning: unrecognized command line option "-Wno-unused-private-field" [enabled by default]'
Compilation failed:
    source file: '/home/bruce/work/demo/src/python/tool/opencv-3.3.0/release/CMakeFiles/CMakeTmp/src.cxx'
    check option: ' -Wno-unused-private-field'
===== BUILD LOG =====
Change Dir: /home/bruce/work/demo/src/python/tool/opencv-3.3.0/release/CMakeFiles/CMakeTmp

Run Build Command:"/usr/bin/make" "cmTryCompileExec333878989/fast"
/usr/bin/make -f CMakeFiles/cmTryCompileExec333878989.dir/build.make CMakeFiles/cmTryCompileExec333878989.dir/build
make[1]: Entering directory `/home/bruce/work/demo/src/python/tool/opencv-3.3.0/release/CMakeFiles/CMakeTmp'
/usr/bin/cmake -E cmake_progress_report /home/bruce/work/demo/src/python/tool/opencv-3.3.0/release/CMakeFiles/CMakeTmp/CMakeFiles 1
Building CXX object CMakeFiles/cmTryCompileExec333878989.dir/src.cxx.o
/usr/bin/c++    -fsigned-char -W -Wall -Werror=return-type -Werror=non-virtual-dtor -Werror=address -Werror=sequence-point -Wformat -Werror=format-security -Wmissing-declarations -Wundef -Winit-self -Wpointer-arith -Wshadow -Wsign-promo -Wuninitialized -Winit-self -Wno-narrowing -Wno-delete-non-virtual-dtor -Wno-comment -fdiagnostics-show-option -Wno-long-long -pthread -fomit-frame-pointer -ffunction-sections  -msse -msse2 -msse3 -fvisibility=hidden -fvisibility-inlines-hidden -Wno-unused-function -Wno-overloaded-virtual  -O3 -DNDEBUG   -Wno-unused-private-field -o CMakeFiles/cmTryCompileExec333878989.dir/src.cxx.o -c /home/bruce/work/demo/src/python/tool/opencv-3.3.0/release/CMakeFiles/CMakeTmp/src.cxx
/home/bruce/work/demo/src/python/tool/opencv-3.3.0/release/CMakeFiles/CMakeTmp/src.cxx:1:0: warning: ignoring #pragma   [-Wunknown-pragmas]
 #pragma
 ^
cc1plus: warning: unrecognized command line option "-Wno-unused-private-field" [enabled by default]
Linking CXX executable cmTryCompileExec333878989
/usr/bin/cmake -E cmake_link_script CMakeFiles/cmTryCompileExec333878989.dir/link.txt --verbose=1
/usr/bin/c++      -fsigned-char -W -Wall -Werror=return-type -Werror=non-virtual-dtor -Werror=address -Werror=sequence-point -Wformat -Werror=format-security -Wmissing-declarations -Wundef -Winit-self -Wpointer-arith -Wshadow -Wsign-promo -Wuninitialized -Winit-self -Wno-narrowing -Wno-delete-non-virtual-dtor -Wno-comment -fdiagnostics-show-option -Wno-long-long -pthread -fomit-frame-pointer -ffunction-sections  -msse -msse2 -msse3 -fvisibility=hidden -fvisibility-inlines-hidden -Wno-unused-function -Wno-overloaded-virtual  -O3 -DNDEBUG     CMakeFiles/cmTryCompileExec333878989.dir/src.cxx.o  -o cmTryCompileExec333878989 -rdynamic 
make[1]: Leaving directory `/home/bruce/work/demo/src/python/tool/opencv-3.3.0/release/CMakeFiles/CMakeTmp'

===== END =====

